This is pdfTeX, Version 3.141592653-2.6-1.40.26 (TeX Live 2024) (preloaded format=pdflatex 2025.1.22)  15 FEB 2025 17:36
entering extended mode
 restricted \write18 enabled.
 %&-line parsing enabled.
**on_permutation_groups.tex
(./on_permutation_groups.tex
LaTeX2e <2024-11-01> patch level 1
L3 programming layer <2024-12-25>
(/home/louis/texlive/2024/texmf-dist/tex/latex/base/article.cls
Document Class: article 2024/06/29 v1.4n Standard LaTeX document class
(/home/louis/texlive/2024/texmf-dist/tex/latex/base/size12.clo
File: size12.clo 2024/06/29 v1.4n Standard LaTeX file (size option)
)
\c@part=\count196
\c@section=\count197
\c@subsection=\count198
\c@subsubsection=\count199
\c@paragraph=\count266
\c@subparagraph=\count267
\c@figure=\count268
\c@table=\count269
\abovecaptionskip=\skip49
\belowcaptionskip=\skip50
\bibindent=\dimen141
)
(/home/louis/texlive/2024/texmf-dist/tex/latex/base/inputenc.sty
Package: inputenc 2024/02/08 v1.3d Input encoding file
\inpenc@prehook=\toks17
\inpenc@posthook=\toks18
)
(/home/louis/texlive/2024/texmf-dist/tex/latex/base/fontenc.sty
Package: fontenc 2021/04/29 v2.0v Standard LaTeX package
)
(/home/louis/texlive/2024/texmf-dist/tex/latex/lm/lmodern.sty
Package: lmodern 2015/05/01 v1.6.1 Latin Modern Fonts
LaTeX Font Info:    Overwriting symbol font `operators' in version `normal'
(Font)                  OT1/cmr/m/n --> OT1/lmr/m/n on input line 22.
LaTeX Font Info:    Overwriting symbol font `letters' in version `normal'
(Font)                  OML/cmm/m/it --> OML/lmm/m/it on input line 23.
LaTeX Font Info:    Overwriting symbol font `symbols' in version `normal'
(Font)                  OMS/cmsy/m/n --> OMS/lmsy/m/n on input line 24.
LaTeX Font Info:    Overwriting symbol font `largesymbols' in version `normal'
(Font)                  OMX/cmex/m/n --> OMX/lmex/m/n on input line 25.
LaTeX Font Info:    Overwriting symbol font `operators' in version `bold'
(Font)                  OT1/cmr/bx/n --> OT1/lmr/bx/n on input line 26.
LaTeX Font Info:    Overwriting symbol font `letters' in version `bold'
(Font)                  OML/cmm/b/it --> OML/lmm/b/it on input line 27.
LaTeX Font Info:    Overwriting symbol font `symbols' in version `bold'
(Font)                  OMS/cmsy/b/n --> OMS/lmsy/b/n on input line 28.
LaTeX Font Info:    Overwriting symbol font `largesymbols' in version `bold'
(Font)                  OMX/cmex/m/n --> OMX/lmex/m/n on input line 29.
LaTeX Font Info:    Overwriting math alphabet `\mathbf' in version `normal'
(Font)                  OT1/cmr/bx/n --> OT1/lmr/bx/n on input line 31.
LaTeX Font Info:    Overwriting math alphabet `\mathsf' in version `normal'
(Font)                  OT1/cmss/m/n --> OT1/lmss/m/n on input line 32.
LaTeX Font Info:    Overwriting math alphabet `\mathit' in version `normal'
(Font)                  OT1/cmr/m/it --> OT1/lmr/m/it on input line 33.
LaTeX Font Info:    Overwriting math alphabet `\mathtt' in version `normal'
(Font)                  OT1/cmtt/m/n --> OT1/lmtt/m/n on input line 34.
LaTeX Font Info:    Overwriting math alphabet `\mathbf' in version `bold'
(Font)                  OT1/cmr/bx/n --> OT1/lmr/bx/n on input line 35.
LaTeX Font Info:    Overwriting math alphabet `\mathsf' in version `bold'
(Font)                  OT1/cmss/bx/n --> OT1/lmss/bx/n on input line 36.
LaTeX Font Info:    Overwriting math alphabet `\mathit' in version `bold'
(Font)                  OT1/cmr/bx/it --> OT1/lmr/bx/it on input line 37.
LaTeX Font Info:    Overwriting math alphabet `\mathtt' in version `bold'
(Font)                  OT1/cmtt/m/n --> OT1/lmtt/m/n on input line 38.
)
(/home/louis/texlive/2024/texmf-dist/tex/latex/amsmath/amsmath.sty
Package: amsmath 2024/11/05 v2.17t AMS math features
\@mathmargin=\skip51

For additional information on amsmath, use the `?' option.
(/home/louis/texlive/2024/texmf-dist/tex/latex/amsmath/amstext.sty
Package: amstext 2021/08/26 v2.01 AMS text

(/home/louis/texlive/2024/texmf-dist/tex/latex/amsmath/amsgen.sty
File: amsgen.sty 1999/11/30 v2.0 generic functions
\@emptytoks=\toks19
\ex@=\dimen142
))
(/home/louis/texlive/2024/texmf-dist/tex/latex/amsmath/amsbsy.sty
Package: amsbsy 1999/11/29 v1.2d Bold Symbols
\pmbraise@=\dimen143
)
(/home/louis/texlive/2024/texmf-dist/tex/latex/amsmath/amsopn.sty
Package: amsopn 2022/04/08 v2.04 operator names
)
\inf@bad=\count270
LaTeX Info: Redefining \frac on input line 233.
\uproot@=\count271
\leftroot@=\count272
LaTeX Info: Redefining \overline on input line 398.
LaTeX Info: Redefining \colon on input line 409.
\classnum@=\count273
\DOTSCASE@=\count274
LaTeX Info: Redefining \ldots on input line 495.
LaTeX Info: Redefining \dots on input line 498.
LaTeX Info: Redefining \cdots on input line 619.
\Mathstrutbox@=\box52
\strutbox@=\box53
LaTeX Info: Redefining \big on input line 721.
LaTeX Info: Redefining \Big on input line 722.
LaTeX Info: Redefining \bigg on input line 723.
LaTeX Info: Redefining \Bigg on input line 724.
\big@size=\dimen144
LaTeX Font Info:    Redeclaring font encoding OML on input line 742.
LaTeX Font Info:    Redeclaring font encoding OMS on input line 743.
\macc@depth=\count275
LaTeX Info: Redefining \bmod on input line 904.
LaTeX Info: Redefining \pmod on input line 909.
LaTeX Info: Redefining \smash on input line 939.
LaTeX Info: Redefining \relbar on input line 969.
LaTeX Info: Redefining \Relbar on input line 970.
\c@MaxMatrixCols=\count276
\dotsspace@=\muskip17
\c@parentequation=\count277
\dspbrk@lvl=\count278
\tag@help=\toks20
\row@=\count279
\column@=\count280
\maxfields@=\count281
\andhelp@=\toks21
\eqnshift@=\dimen145
\alignsep@=\dimen146
\tagshift@=\dimen147
\tagwidth@=\dimen148
\totwidth@=\dimen149
\lineht@=\dimen150
\@envbody=\toks22
\multlinegap=\skip52
\multlinetaggap=\skip53
\mathdisplay@stack=\toks23
LaTeX Info: Redefining \[ on input line 2953.
LaTeX Info: Redefining \] on input line 2954.
)
(/home/louis/texlive/2024/texmf-dist/tex/latex/amsfonts/amssymb.sty
Package: amssymb 2013/01/14 v3.01 AMS font symbols

(/home/louis/texlive/2024/texmf-dist/tex/latex/amsfonts/amsfonts.sty
Package: amsfonts 2013/01/14 v3.01 Basic AMSFonts support
\symAMSa=\mathgroup4
\symAMSb=\mathgroup5
LaTeX Font Info:    Redeclaring math symbol \hbar on input line 98.
LaTeX Font Info:    Overwriting math alphabet `\mathfrak' in version `bold'
(Font)                  U/euf/m/n --> U/euf/b/n on input line 106.
))
(/home/louis/texlive/2024/texmf-dist/tex/latex/hyperref/hyperref.sty
Package: hyperref 2024-11-05 v7.01l Hypertext links for LaTeX

(/home/louis/texlive/2024/texmf-dist/tex/generic/iftex/iftex.sty
Package: iftex 2024/12/12 v1.0g TeX engine tests
)
(/home/louis/texlive/2024/texmf-dist/tex/latex/graphics/keyval.sty
Package: keyval 2022/05/29 v1.15 key=value parser (DPC)
\KV@toks@=\toks24
)
(/home/louis/texlive/2024/texmf-dist/tex/latex/kvsetkeys/kvsetkeys.sty
Package: kvsetkeys 2022-10-05 v1.19 Key value parser (HO)
)
(/home/louis/texlive/2024/texmf-dist/tex/generic/kvdefinekeys/kvdefinekeys.sty
Package: kvdefinekeys 2019-12-19 v1.6 Define keys (HO)
) (/home/louis/texlive/2024/texmf-dist/tex/generic/pdfescape/pdfescape.sty
Package: pdfescape 2019/12/09 v1.15 Implements pdfTeX's escape features (HO)

(/home/louis/texlive/2024/texmf-dist/tex/generic/ltxcmds/ltxcmds.sty
Package: ltxcmds 2023-12-04 v1.26 LaTeX kernel commands for general use (HO)
)
(/home/louis/texlive/2024/texmf-dist/tex/generic/pdftexcmds/pdftexcmds.sty
Package: pdftexcmds 2020-06-27 v0.33 Utility functions of pdfTeX for LuaTeX (HO
)

(/home/louis/texlive/2024/texmf-dist/tex/generic/infwarerr/infwarerr.sty
Package: infwarerr 2019/12/03 v1.5 Providing info/warning/error messages (HO)
)
Package pdftexcmds Info: \pdf@primitive is available.
Package pdftexcmds Info: \pdf@ifprimitive is available.
Package pdftexcmds Info: \pdfdraftmode found.
))
(/home/louis/texlive/2024/texmf-dist/tex/latex/hycolor/hycolor.sty
Package: hycolor 2020-01-27 v1.10 Color options for hyperref/bookmark (HO)
)
(/home/louis/texlive/2024/texmf-dist/tex/latex/hyperref/nameref.sty
Package: nameref 2023-11-26 v2.56 Cross-referencing by name of section

(/home/louis/texlive/2024/texmf-dist/tex/latex/refcount/refcount.sty
Package: refcount 2019/12/15 v3.6 Data extraction from label references (HO)
)
(/home/louis/texlive/2024/texmf-dist/tex/generic/gettitlestring/gettitlestring.
sty
Package: gettitlestring 2019/12/15 v1.6 Cleanup title references (HO)
 (/home/louis/texlive/2024/texmf-dist/tex/latex/kvoptions/kvoptions.sty
Package: kvoptions 2022-06-15 v3.15 Key value format for package options (HO)
))
\c@section@level=\count282
)
(/home/louis/texlive/2024/texmf-dist/tex/latex/etoolbox/etoolbox.sty
Package: etoolbox 2020/10/05 v2.5k e-TeX tools for LaTeX (JAW)
\etb@tempcnta=\count283
)
(/home/louis/texlive/2024/texmf-dist/tex/generic/stringenc/stringenc.sty
Package: stringenc 2019/11/29 v1.12 Convert strings between diff. encodings (HO
)
)
\@linkdim=\dimen151
\Hy@linkcounter=\count284
\Hy@pagecounter=\count285

(/home/louis/texlive/2024/texmf-dist/tex/latex/hyperref/pd1enc.def
File: pd1enc.def 2024-11-05 v7.01l Hyperref: PDFDocEncoding definition (HO)
Now handling font encoding PD1 ...
... no UTF-8 mapping file for font encoding PD1
)
(/home/louis/texlive/2024/texmf-dist/tex/generic/intcalc/intcalc.sty
Package: intcalc 2019/12/15 v1.3 Expandable calculations with integers (HO)
)
\Hy@SavedSpaceFactor=\count286

(/home/louis/texlive/2024/texmf-dist/tex/latex/hyperref/puenc.def
File: puenc.def 2024-11-05 v7.01l Hyperref: PDF Unicode definition (HO)
Now handling font encoding PU ...
... no UTF-8 mapping file for font encoding PU
)
Package hyperref Info: Hyper figures OFF on input line 4157.
Package hyperref Info: Link nesting OFF on input line 4162.
Package hyperref Info: Hyper index ON on input line 4165.
Package hyperref Info: Plain pages OFF on input line 4172.
Package hyperref Info: Backreferencing OFF on input line 4177.
Package hyperref Info: Implicit mode ON; LaTeX internals redefined.
Package hyperref Info: Bookmarks ON on input line 4424.
\c@Hy@tempcnt=\count287

(/home/louis/texlive/2024/texmf-dist/tex/latex/url/url.sty
\Urlmuskip=\muskip18
Package: url 2013/09/16  ver 3.4  Verb mode for urls, etc.
)
LaTeX Info: Redefining \url on input line 4763.
\XeTeXLinkMargin=\dimen152

(/home/louis/texlive/2024/texmf-dist/tex/generic/bitset/bitset.sty
Package: bitset 2019/12/09 v1.3 Handle bit-vector datatype (HO)

(/home/louis/texlive/2024/texmf-dist/tex/generic/bigintcalc/bigintcalc.sty
Package: bigintcalc 2019/12/15 v1.5 Expandable calculations on big integers (HO
)
))
\Fld@menulength=\count288
\Field@Width=\dimen153
\Fld@charsize=\dimen154
Package hyperref Info: Hyper figures OFF on input line 6042.
Package hyperref Info: Link nesting OFF on input line 6047.
Package hyperref Info: Hyper index ON on input line 6050.
Package hyperref Info: backreferencing OFF on input line 6057.
Package hyperref Info: Link coloring OFF on input line 6062.
Package hyperref Info: Link coloring with OCG OFF on input line 6067.
Package hyperref Info: PDF/A mode OFF on input line 6072.

(/home/louis/texlive/2024/texmf-dist/tex/latex/base/atbegshi-ltx.sty
Package: atbegshi-ltx 2021/01/10 v1.0c Emulation of the original atbegshi
package with kernel methods
)
\Hy@abspage=\count289
\c@Item=\count290
\c@Hfootnote=\count291
)
Package hyperref Info: Driver (autodetected): hpdftex.

(/home/louis/texlive/2024/texmf-dist/tex/latex/hyperref/hpdftex.def
File: hpdftex.def 2024-11-05 v7.01l Hyperref driver for pdfTeX

(/home/louis/texlive/2024/texmf-dist/tex/latex/base/atveryend-ltx.sty
Package: atveryend-ltx 2020/08/19 v1.0a Emulation of the original atveryend pac
kage
with kernel methods
)
\Fld@listcount=\count292
\c@bookmark@seq@number=\count293

(/home/louis/texlive/2024/texmf-dist/tex/latex/rerunfilecheck/rerunfilecheck.st
y
Package: rerunfilecheck 2022-07-10 v1.10 Rerun checks for auxiliary files (HO)

(/home/louis/texlive/2024/texmf-dist/tex/generic/uniquecounter/uniquecounter.st
y
Package: uniquecounter 2019/12/15 v1.4 Provide unlimited unique counter (HO)
)
Package uniquecounter Info: New unique counter `rerunfilecheck' on input line 2
85.
)
\Hy@SectionHShift=\skip54
)
LaTeX Font Info:    Trying to load font information for T1+lmr on input line 12
.
 (/home/louis/texlive/2024/texmf-dist/tex/latex/lm/t1lmr.fd
File: t1lmr.fd 2015/05/01 v1.6.1 Font defs for Latin Modern
)
(/home/louis/texlive/2024/texmf-dist/tex/latex/l3backend/l3backend-pdftex.def
File: l3backend-pdftex.def 2024-05-08 L3 backend support: PDF output (pdfTeX)
\l__color_backend_stack_int=\count294
\l__pdf_internal_box=\box54
)
(./on_permutation_groups.aux)
\openout1 = `on_permutation_groups.aux'.

LaTeX Font Info:    Checking defaults for OML/cmm/m/it on input line 12.
LaTeX Font Info:    ... okay on input line 12.
LaTeX Font Info:    Checking defaults for OMS/cmsy/m/n on input line 12.
LaTeX Font Info:    ... okay on input line 12.
LaTeX Font Info:    Checking defaults for OT1/cmr/m/n on input line 12.
LaTeX Font Info:    ... okay on input line 12.
LaTeX Font Info:    Checking defaults for T1/cmr/m/n on input line 12.
LaTeX Font Info:    ... okay on input line 12.
LaTeX Font Info:    Checking defaults for TS1/cmr/m/n on input line 12.
LaTeX Font Info:    ... okay on input line 12.
LaTeX Font Info:    Checking defaults for OMX/cmex/m/n on input line 12.
LaTeX Font Info:    ... okay on input line 12.
LaTeX Font Info:    Checking defaults for U/cmr/m/n on input line 12.
LaTeX Font Info:    ... okay on input line 12.
LaTeX Font Info:    Checking defaults for PD1/pdf/m/n on input line 12.
LaTeX Font Info:    ... okay on input line 12.
LaTeX Font Info:    Checking defaults for PU/pdf/m/n on input line 12.
LaTeX Font Info:    ... okay on input line 12.
Package hyperref Info: Link coloring OFF on input line 12.
 (./on_permutation_groups.out)
(./on_permutation_groups.out)
\@outlinefile=\write3
\openout3 = `on_permutation_groups.out'.

LaTeX Font Info:    Trying to load font information for OT1+lmr on input line 1
5.

(/home/louis/texlive/2024/texmf-dist/tex/latex/lm/ot1lmr.fd
File: ot1lmr.fd 2015/05/01 v1.6.1 Font defs for Latin Modern
)
LaTeX Font Info:    Trying to load font information for OML+lmm on input line 1
5.

(/home/louis/texlive/2024/texmf-dist/tex/latex/lm/omllmm.fd
File: omllmm.fd 2015/05/01 v1.6.1 Font defs for Latin Modern
)
LaTeX Font Info:    Trying to load font information for OMS+lmsy on input line 
15.

(/home/louis/texlive/2024/texmf-dist/tex/latex/lm/omslmsy.fd
File: omslmsy.fd 2015/05/01 v1.6.1 Font defs for Latin Modern
)
LaTeX Font Info:    Trying to load font information for OMX+lmex on input line 
15.

(/home/louis/texlive/2024/texmf-dist/tex/latex/lm/omxlmex.fd
File: omxlmex.fd 2015/05/01 v1.6.1 Font defs for Latin Modern
)
LaTeX Font Info:    External font `lmex10' loaded for size
(Font)              <14.4> on input line 15.
LaTeX Font Info:    External font `lmex10' loaded for size
(Font)              <10> on input line 15.
LaTeX Font Info:    External font `lmex10' loaded for size
(Font)              <7> on input line 15.
LaTeX Font Info:    Trying to load font information for U+msa on input line 15.


(/home/louis/texlive/2024/texmf-dist/tex/latex/amsfonts/umsa.fd
File: umsa.fd 2013/01/14 v3.01 AMS symbols A
)
LaTeX Font Info:    Trying to load font information for U+msb on input line 15.


(/home/louis/texlive/2024/texmf-dist/tex/latex/amsfonts/umsb.fd
File: umsb.fd 2013/01/14 v3.01 AMS symbols B
)
LaTeX Font Info:    External font `lmex10' loaded for size
(Font)              <12> on input line 25.
LaTeX Font Info:    External font `lmex10' loaded for size
(Font)              <8> on input line 25.
LaTeX Font Info:    External font `lmex10' loaded for size
(Font)              <6> on input line 25.


[1

{/home/louis/texlive/2024/texmf-var/fonts/map/pdftex/updmap/pdftex.map}{/home/l
ouis/texlive/2024/texmf-dist/fonts/enc/dvips/lm/lm-ec.enc}{/home/louis/texlive/
2024/texmf-dist/fonts/enc/dvips/lm/lm-mathit.enc}{/home/louis/texlive/2024/texm
f-dist/fonts/enc/dvips/lm/lm-rm.enc}{/home/louis/texlive/2024/texmf-dist/fonts/
enc/dvips/lm/lm-mathsy.enc}]

[2]
Overfull \hbox (80.71439pt too wide) in paragraph at lines 109--112
[]\T1/lmr/m/n/12 c) $\OT1/lmr/m/n/12 (\OML/lmm/m/it/12 []; []\OT1/lmr/m/n/12 
)(\OML/lmm/m/it/12 []; []\OT1/lmr/m/n/12 )$ \T1/lmr/m/n/12 be-longs to $\OML/
lmm/m/it/12 J;$ \T1/lmr/m/n/12 where   are all dif-fer-ent.   ([]:
 []


Overfull \hbox (7.4236pt too wide) in paragraph at lines 113--115
[]\T1/lmr/m/n/12 d) $\OT1/lmr/m/n/12 (\OML/lmm/m/it/12 []; []\OT1/lmr/m/n/12 
)(\OML/lmm/m/it/12 ^^L; ^^L[]\OT1/lmr/m/n/12 )$ \T1/lmr/m/n/12 be-longs to $\OM
L/lmm/m/it/12 J;$ \T1/lmr/m/n/12 where   are all dif-fer-ent.   ([[]:
 []

LaTeX Font Info:    Trying to load font information for TS1+lmr on input line 1
49.
(/home/louis/texlive/2024/texmf-dist/tex/latex/lm/ts1lmr.fd
File: ts1lmr.fd 2015/05/01 v1.6.1 Font defs for Latin Modern
)

[3{/home/louis/texlive/2024/texmf-dist/fonts/enc/dvips/lm/lm-mathex.enc}{/home/
louis/texlive/2024/texmf-dist/fonts/enc/dvips/lm/lm-ts1.enc}]
Overfull \hbox (20.1476pt too wide) in paragraph at lines 200--209
\OT1/lmr/m/n/12 (1)\OML/lmm/m/it/12 ; \OT1/lmr/m/n/12 (13)\OML/lmm/m/it/12 ; \O
T1/lmr/m/n/12 (24)\OML/lmm/m/it/12 ; \OT1/lmr/m/n/12 (13)(24)\OML/lmm/m/it/12 ;
$ $\OT1/lmr/m/n/12 (12)(34)\OML/lmm/m/it/12 ; \OT1/lmr/m/n/12 (32)(14)\OML/lmm/
m/it/12 ; \OT1/lmr/m/n/12 (1234)\OML/lmm/m/it/12 ; \OT1/lmr/m/n/12 (4321)$\T1/l
mr/m/n/12 . The ex-cep-tional groups
 []



[4]
Overfull \hbox (35.842pt too wide) in paragraph at lines 250--253
[]\T1/lmr/m/n/12 Double threes. Th ese pre arr nged in pairs (as trans-formed b
y $\OT1/lmr/m/n/12 (\OML/lmm/m/it/12 CH\OT1/lmr/m/n/12 )(\OML/lmm/m/it/12 EF\OT
1/lmr/m/n/12 )(\OML/lmm/m/it/12 DG\OT1/lmr/m/n/12 )[]$\T1/lmr/m/n/12 )
 []



[5]
Overfull \hbox (14.57877pt too wide) in paragraph at lines 326--334
[]$\OT1/lmr/m/n/12 (\OML/lmm/m/it/12 CEDGFH\OT1/lmr/m/n/12 )$ $   \OML/lmm/m/it
/12 X$ $\OT1/lmr/m/n/12 (\OML/lmm/m/it/12 CGDHFE\OT1/lmr/m/n/12 )$ \T1/lmr/m/n/
12 In-vari-ant 15132723 (above) $\OT1/lmr/m/n/12 (\OML/lmm/m/it/12 CHDETG\OT1/l
mr/m/n/12 )$
 []


Overfull \hbox (7.4676pt too wide) in paragraph at lines 326--334
\OML/lmm/m/it/12 X$ $\OT1/lmr/m/n/12 (\OML/lmm/m/it/12 CDFEGH\OT1/lmr/m/n/12 )$
 \T1/lmr/m/n/12 In-vari-ant 12216336 (above) $\OT1/lmr/m/n/12 [\OML/lmm/m/it/12
 CFFEGD\OT1/lmr/m/n/12 ?]$ $ \OML/lmm/m/it/12 X  X$ $\OT1/lmr/m/n/12 [\OML/lmm/
m/it/12 CHE:::\OT1/lmr/m/n/12 ?]$
 []



[6]
Overfull \hbox (21.61992pt too wide) in paragraph at lines 335--336
[]\T1/lmr/m/n/12 [Handwritten for-mu-las or notes faintly be-hind text, ref-er-
enc-ing $\OT1/lmr/m/n/12 (\OML/lmm/m/it/12 CE\OT1/lmr/m/n/12 )(\OML/lmm/m/it/12
 ABDH\OT1/lmr/m/n/12 )$
 []

LaTeX Font Info:    Trying to load font information for U+euf on input line 365
.
(/home/louis/texlive/2024/texmf-dist/tex/latex/amsfonts/ueuf.fd
File: ueuf.fd 2013/01/14 v3.01 Euler Fraktur
)

[7]
Overfull \hbox (2.2754pt too wide) in paragraph at lines 440--441
[]$\OT1/lmr/m/n/12 (\OML/lmm/m/it/12 BDEGFH\OT1/lmr/m/n/12 )$  $(\OML/lmm/m/it/
12 BET\OT1/lmr/m/n/12 )(\OML/lmm/m/it/12 DGH\OT1/lmr/m/n/12 )\OML/lmm/m/it/12 :
 \OT1/lmr/m/n/12 (\OML/lmm/m/it/12 CFG\OT1/lmr/m/n/12 )(\OML/lmm/m/it/12 EHA\OT
1/lmr/m/n/12 ) = (\OML/lmm/m/it/12 ATH\OT1/lmr/m/n/12 )(\OML/lmm/m/it/12 CBEDG\
OT1/lmr/m/n/12 )$ \T1/lmr/m/n/12 O.K. 
 []



[8]
Overfull \hbox (4.57573pt too wide) in paragraph at lines 460--461
[]$\OT1/lmr/m/n/12 (\OML/lmm/m/it/12 BDGHFE\OT1/lmr/m/n/12 )$  $\OMS/lmsy/m/n/1
2 f\OML/lmm/m/it/12 BGF\OMS/lmsy/m/n/12 g\OT1/lmr/m/n/12 (\OML/lmm/m/it/12 DHE\
OT1/lmr/m/n/12 )\OML/lmm/m/it/12 :\OT1/lmr/m/n/12 (\OML/lmm/m/it/12 CHG\OT1/lmr
/m/n/12 )(\OML/lmm/m/it/12 EAF\OT1/lmr/m/n/12 ) = (\OML/lmm/m/it/12 ABGCE\OT1/l
mr/m/n/12 )(\OML/lmm/m/it/12 DHF\OT1/lmr/m/n/12 )$ \T1/lmr/m/n/12 O.K.
 []



[9]
Overfull \hbox (71.11322pt too wide) in paragraph at lines 543--549
[]$\OT1/lmr/m/n/12 (\OML/lmm/m/it/12 EBGD\OT1/lmr/m/n/12 )(\OML/lmm/m/it/12 F[]
\OT1/lmr/m/n/12 )$  \T1/lmr/m/n/12 (...) $\OT1/lmr/m/n/12 (\OML/lmm/m/it/12 FBG
D\OT1/lmr/m/n/12 )(\OML/lmm/m/it/12 CE\OT1/lmr/m/n/12 ?)$  \T1/lmr/m/n/12 O.K. 
$\OT1/lmr/m/n/12 (\OML/lmm/m/it/12 EBFC\OT1/lmr/m/n/12 )([]?)$  \T1/lmr/m/n/12 
O.K. ($\OT1/lmr/m/n/12 (\OML/lmm/m/it/12 ABFC\OT1/lmr/m/n/12 )(\OML/lmm/m/it/12
 DA\OT1/lmr/m/n/12 )$\T1/lmr/m/n/12 )
 []


Overfull \hbox (0.42339pt too wide) in paragraph at lines 543--549
\T1/lmr/m/n/12 O.K. $\OT1/lmr/m/n/12 (\OML/lmm/m/it/12 EBGA\OT1/lmr/m/n/12 )(\O
ML/lmm/m/it/12 H\OT1/lmr/m/n/12 ? [])$  \T1/lmr/m/n/12 O.K. $\OT1/lmr/m/n/12 (\
OML/lmm/m/it/12 EBF []\OT1/lmr/m/n/12 )(\OML/lmm/m/it/12 CCD\OT1/lmr/m/n/12 )$ 
\T1/lmr/m/n/12 O.K. $\OT1/lmr/m/n/12 (\OML/lmm/m/it/12 ED\OT1/lmr/m/n/12 ?\OML/
lmm/m/it/12 GB\OT1/lmr/m/n/12 )(\OML/lmm/m/it/12 F[]\OT1/lmr/m/n/12 ?)$\T1/lmr/
m/n/12 (...)
 []



[10]

[11]
Overfull \hbox (2.35886pt too wide) in paragraph at lines 643--646
\T1/lmr/m/n/12 tri-bu-tion' $\OML/lmm/m/it/12 f[]$ \T1/lmr/m/n/12 as the ac-cu-
mu-la-tion points of the se-quences $\OML/lmm/m/it/12 g; R[]g; R[]g; f; g; []$\
T1/lmr/m/n/12 ''] 
 []


Overfull \hbox (13.61055pt too wide) in paragraph at lines 658--665
\T1/lmr/m/n/12 xxxxxxxxxxxxxxxxxxxxxxx of the form $\OML/lmm/m/it/12 U[] U[]  [
]  U[]$ \T1/lmr/m/n/12 where the sum $[] \OML/lmm/m/it/12 m[] \OT1/lmr/m/n/12 =

 []


Overfull \hbox (11.53267pt too wide) in paragraph at lines 691--696
\T1/lmr/m/n/12 and $\OML/lmm/m/it/12 k\OT1/lmr/m/n/12 (\OML/lmm/m/it/12 u[]; x\
OT1/lmr/m/n/12 ) \OMS/lmsy/m/n/12 ^^U \OML/lmm/m/it/12 k\OT1/lmr/m/n/12 (\OML/l
mm/m/it/12 x\OT1/lmr/m/n/12 )$ \T1/lmr/m/n/12 all $\OML/lmm/m/it/12 x$\T1/lmr/m
/n/12 , then $\OML/lmm/m/it/12 k\OT1/lmr/m/n/12 (\OML/lmm/m/it/12 u[]; u[]x\OT1
/lmr/m/n/12 ?) : \OML/lmm/m/it/12 ^^^\OT1/lmr/m/n/12 (\OML/lmm/m/it/12 u[]\OT1/
lmr/m/n/12 )\OML/lmm/m/it/12 k\OT1/lmr/m/n/12 (\OML/lmm/m/it/12 u[]x\OT1/lmr/m/
n/12 ?) : \OML/lmm/m/it/12 ^^^\OT1/lmr/m/n/12 (\OML/lmm/m/it/12 u[]\OT1/lmr/m/n
/12 )\OML/lmm/m/it/12 ; ^^^\OT1/lmr/m/n/12 (\OML/lmm/m/it/12 u[]\OT1/lmr/m/n/12
 )\OML/lmm/m/it/12 ; ^^^\OT1/lmr/m/n/12 (\OML/lmm/m/it/12 k\OT1/lmr/m/n/12 (\OM
L/lmm/m/it/12 x\OT1/lmr/m/n/12 ))$
 []



[12]
Overfull \hbox (31.67471pt too wide) in paragraph at lines 732--734
[]\T1/lmr/m/n/12 As an ex-am-ple let us con-sider the quater-nion group con-sis
t-ing of $\OT1/lmr/m/n/12 1\OML/lmm/m/it/12 ; i; j; k; i[]; j[]; k[]$\T1/lmr/m/
n/12 ,
 []



[13]

[14]

[15] (./on_permutation_groups.aux)
 ***********
LaTeX2e <2024-11-01> patch level 1
L3 programming layer <2024-12-25>
 ***********


Package rerunfilecheck Warning: File `on_permutation_groups.out' has changed.
(rerunfilecheck)                Rerun to get outlines right
(rerunfilecheck)                or use package `bookmark'.

Package rerunfilecheck Info: Checksums for `on_permutation_groups.out':
(rerunfilecheck)             Before: D41D8CD98F00B204E9800998ECF8427E;0
(rerunfilecheck)             After:  67E2E6A58FB1A82D146273C37B583110;1177.
 ) 
Here is how much of TeX's memory you used:
 9319 strings out of 473207
 142182 string characters out of 5715767
 536938 words of memory out of 5000000
 32404 multiletter control sequences out of 15000+600000
 616555 words of font info for 83 fonts, out of 8000000 for 9000
 1141 hyphenation exceptions out of 8191
 75i,8n,79p,334b,455s stack positions out of 10000i,1000n,20000p,200000b,200000s
</home/louis/texlive/2024/texmf-dist/fonts/type1/public/amsfonts/euler/eufm10
.pfb></home/louis/texlive/2024/texmf-dist/fonts/type1/public/lm/lmbx12.pfb></ho
me/louis/texlive/2024/texmf-dist/fonts/type1/public/lm/lmex10.pfb></home/louis/
texlive/2024/texmf-dist/fonts/type1/public/lm/lmmi12.pfb></home/louis/texlive/2
024/texmf-dist/fonts/type1/public/lm/lmmi6.pfb></home/louis/texlive/2024/texmf-
dist/fonts/type1/public/lm/lmmi8.pfb></home/louis/texlive/2024/texmf-dist/fonts
/type1/public/lm/lmr12.pfb></home/louis/texlive/2024/texmf-dist/fonts/type1/pub
lic/lm/lmr17.pfb></home/louis/texlive/2024/texmf-dist/fonts/type1/public/lm/lmr
6.pfb></home/louis/texlive/2024/texmf-dist/fonts/type1/public/lm/lmr8.pfb></hom
e/louis/texlive/2024/texmf-dist/fonts/type1/public/lm/lmri12.pfb></home/louis/t
exlive/2024/texmf-dist/fonts/type1/public/lm/lmsy10.pfb></home/louis/texlive/20
24/texmf-dist/fonts/type1/public/lm/lmsy6.pfb></home/louis/texlive/2024/texmf-d
ist/fonts/type1/public/lm/lmsy8.pfb>
Output written on on_permutation_groups.pdf (15 pages, 234462 bytes).
PDF statistics:
 186 PDF objects out of 1000 (max. 8388607)
 137 compressed objects within 2 object streams
 38 named destinations out of 1000 (max. 500000)
 1 words of extra memory for PDF output out of 10000 (max. 10000000)

