This is pdfTeX, Version 3.141592653-2.6-1.40.26 (TeX Live 2024) (preloaded format=pdflatex 2025.1.22)  15 FEB 2025 22:59
entering extended mode
 restricted \write18 enabled.
 %&-line parsing enabled.
**article.tex
(./article.tex
LaTeX2e <2024-11-01> patch level 1
L3 programming layer <2024-12-25>
(/home/louis/texlive/2024/texmf-dist/tex/latex/base/article.cls
Document Class: article 2024/06/29 v1.4n Standard LaTeX document class
(/home/louis/texlive/2024/texmf-dist/tex/latex/base/size12.clo
File: size12.clo 2024/06/29 v1.4n Standard LaTeX file (size option)
)
\c@part=\count196
\c@section=\count197
\c@subsection=\count198
\c@subsubsection=\count199
\c@paragraph=\count266
\c@subparagraph=\count267
\c@figure=\count268
\c@table=\count269
\abovecaptionskip=\skip49
\belowcaptionskip=\skip50
\bibindent=\dimen141
)
(/home/louis/texlive/2024/texmf-dist/tex/latex/amsmath/amsmath.sty
Package: amsmath 2024/11/05 v2.17t AMS math features
\@mathmargin=\skip51

For additional information on amsmath, use the `?' option.
(/home/louis/texlive/2024/texmf-dist/tex/latex/amsmath/amstext.sty
Package: amstext 2021/08/26 v2.01 AMS text

(/home/louis/texlive/2024/texmf-dist/tex/latex/amsmath/amsgen.sty
File: amsgen.sty 1999/11/30 v2.0 generic functions
\@emptytoks=\toks17
\ex@=\dimen142
))
(/home/louis/texlive/2024/texmf-dist/tex/latex/amsmath/amsbsy.sty
Package: amsbsy 1999/11/29 v1.2d Bold Symbols
\pmbraise@=\dimen143
)
(/home/louis/texlive/2024/texmf-dist/tex/latex/amsmath/amsopn.sty
Package: amsopn 2022/04/08 v2.04 operator names
)
\inf@bad=\count270
LaTeX Info: Redefining \frac on input line 233.
\uproot@=\count271
\leftroot@=\count272
LaTeX Info: Redefining \overline on input line 398.
LaTeX Info: Redefining \colon on input line 409.
\classnum@=\count273
\DOTSCASE@=\count274
LaTeX Info: Redefining \ldots on input line 495.
LaTeX Info: Redefining \dots on input line 498.
LaTeX Info: Redefining \cdots on input line 619.
\Mathstrutbox@=\box52
\strutbox@=\box53
LaTeX Info: Redefining \big on input line 721.
LaTeX Info: Redefining \Big on input line 722.
LaTeX Info: Redefining \bigg on input line 723.
LaTeX Info: Redefining \Bigg on input line 724.
\big@size=\dimen144
LaTeX Font Info:    Redeclaring font encoding OML on input line 742.
LaTeX Font Info:    Redeclaring font encoding OMS on input line 743.
\macc@depth=\count275
LaTeX Info: Redefining \bmod on input line 904.
LaTeX Info: Redefining \pmod on input line 909.
LaTeX Info: Redefining \smash on input line 939.
LaTeX Info: Redefining \relbar on input line 969.
LaTeX Info: Redefining \Relbar on input line 970.
\c@MaxMatrixCols=\count276
\dotsspace@=\muskip17
\c@parentequation=\count277
\dspbrk@lvl=\count278
\tag@help=\toks18
\row@=\count279
\column@=\count280
\maxfields@=\count281
\andhelp@=\toks19
\eqnshift@=\dimen145
\alignsep@=\dimen146
\tagshift@=\dimen147
\tagwidth@=\dimen148
\totwidth@=\dimen149
\lineht@=\dimen150
\@envbody=\toks20
\multlinegap=\skip52
\multlinetaggap=\skip53
\mathdisplay@stack=\toks21
LaTeX Info: Redefining \[ on input line 2953.
LaTeX Info: Redefining \] on input line 2954.
)
(/home/louis/texlive/2024/texmf-dist/tex/latex/amsfonts/amssymb.sty
Package: amssymb 2013/01/14 v3.01 AMS font symbols

(/home/louis/texlive/2024/texmf-dist/tex/latex/amsfonts/amsfonts.sty
Package: amsfonts 2013/01/14 v3.01 Basic AMSFonts support
\symAMSa=\mathgroup4
\symAMSb=\mathgroup5
LaTeX Font Info:    Redeclaring math symbol \hbar on input line 98.
LaTeX Font Info:    Overwriting math alphabet `\mathfrak' in version `bold'
(Font)                  U/euf/m/n --> U/euf/b/n on input line 106.
))
(/home/louis/texlive/2024/texmf-dist/tex/latex/l3backend/l3backend-pdftex.def
File: l3backend-pdftex.def 2024-05-08 L3 backend support: PDF output (pdfTeX)
\l__color_backend_stack_int=\count282
\l__pdf_internal_box=\box54
)
(./article.aux)
\openout1 = `article.aux'.

LaTeX Font Info:    Checking defaults for OML/cmm/m/it on input line 4.
LaTeX Font Info:    ... okay on input line 4.
LaTeX Font Info:    Checking defaults for OMS/cmsy/m/n on input line 4.
LaTeX Font Info:    ... okay on input line 4.
LaTeX Font Info:    Checking defaults for OT1/cmr/m/n on input line 4.
LaTeX Font Info:    ... okay on input line 4.
LaTeX Font Info:    Checking defaults for T1/cmr/m/n on input line 4.
LaTeX Font Info:    ... okay on input line 4.
LaTeX Font Info:    Checking defaults for TS1/cmr/m/n on input line 4.
LaTeX Font Info:    ... okay on input line 4.
LaTeX Font Info:    Checking defaults for OMX/cmex/m/n on input line 4.
LaTeX Font Info:    ... okay on input line 4.
LaTeX Font Info:    Checking defaults for U/cmr/m/n on input line 4.
LaTeX Font Info:    ... okay on input line 4.
LaTeX Font Info:    Trying to load font information for U+msa on input line 9.
 (/home/louis/texlive/2024/texmf-dist/tex/latex/amsfonts/umsa.fd
File: umsa.fd 2013/01/14 v3.01 AMS symbols A
)
LaTeX Font Info:    Trying to load font information for U+msb on input line 9.
 (/home/louis/texlive/2024/texmf-dist/tex/latex/amsfonts/umsb.fd
File: umsb.fd 2013/01/14 v3.01 AMS symbols B
)

[1

{/home/louis/texlive/2024/texmf-var/fonts/map/pdftex/updmap/pdftex.map}{/home/l
ouis/texlive/2024/texmf-dist/fonts/enc/dvips/cm-super/cm-super-ts1.enc}]
Overfull \hbox (1.90422pt too wide) in paragraph at lines 61--62
\OML/cmm/m/it/12 []; []; [] ; []$ \OT1/cmr/m/n/12 in-clude all the $\OML/cmm
/m/it/12 T$ \OT1/cmr/m/n/12 sym-bols. Then $\OML/cmm/m/it/12 J$ \OT1/cmr/m/n/12
 con-tains $\OML/cmm/m/it/12 R[]\OT1/cmr/m/n/12 (\OML/cmm/m/it/12 []; []\OT1/
cmr/m/n/12 )\OML/cmm/m/it/12 R[]$\OT1/cmr/m/n/12 ,
 []


Overfull \hbox (17.8954pt too wide) in paragraph at lines 61--62
\OT1/cmr/m/n/12 i.e. $(\OML/cmm/m/it/12 []; []\OT1/cmr/m/n/12 )$. It there-fo
re con-tains $(\OML/cmm/m/it/12 []; []\OT1/cmr/m/n/12 )$ since this is $(\OML
/cmm/m/it/12 []; []\OT1/cmr/m/n/12 )(\OML/cmm/m/it/12 []; []\OT1/cmr/m/n/12
 )(\OML/cmm/m/it/12 []; []\OT1/cmr/m/n/12 )[]$
 []



[2]
Overfull \hbox (2.00136pt too wide) in paragraph at lines 78--79
[]\OT1/cmr/m/n/12 Finally, if $\OML/cmm/m/it/12 J$ \OT1/cmr/m/n/12 con-tains $(
\OML/cmm/m/it/12 ; R[]\OT1/cmr/m/n/12 )(\OML/cmm/m/it/12 ^^L; ^^M\OT1/cmr/m/n
/12 )$ with $\OML/cmm/m/it/12 m$ \OT1/cmr/m/n/12 prime to $\OML/cmm/m/it/12 T$ 
\OT1/cmr/m/n/12 and $(\OML/cmm/m/it/12 ; R[]\OT1/cmr/m/n/12 )(\OML/cmm/m/it/1
2 ^^L; ^^M\OT1/cmr/m/n/12 )$
 []



[3]

[4]
Overfull \hbox (2.72385pt too wide) in paragraph at lines 161--162
[]\OT1/cmr/m/n/12 If then we take the var-i-ous forms $\OML/cmm/m/it/12 f\OT1/c
mr/m/n/12 (1)\OML/cmm/m/it/12 f\OT1/cmr/m/n/12 (2) [] \OML/cmm/m/it/12 f\OT1/cm
r/m/n/12 (\OML/cmm/m/it/12 T\OT1/cmr/m/n/12 )\OML/cmm/m/it/12 ;  f\OT1/cmr/m/n/
12 (\OML/cmm/m/it/12 T\OT1/cmr/m/n/12 )\OML/cmm/m/it/12 f\OT1/cmr/m/n/12 (1)\OM
L/cmm/m/it/12 f\OT1/cmr/m/n/12 (2) [] \OML/cmm/m/it/12 f\OT1/cmr/m/n/12 (\OML/c
mm/m/it/12 T \OMS/cmsy/m/n/12 ^^@
 []



[5]

[6]

[7]
Overfull \hbox (48.36751pt too wide) in paragraph at lines 285--286
[]\OT1/cmr/m/it/12 Double threes. \OT1/cmr/m/n/12 These are ar-ranged in pairs 
(as trans-formed by $(\OML/cmm/m/it/12 CH\OT1/cmr/m/n/12 )(\OML/cmm/m/it/12 EF\
OT1/cmr/m/n/12 )(\OML/cmm/m/it/12 DG\OT1/cmr/m/n/12 ) =
 []



[8]
Overfull \hbox (78.04932pt too wide) in paragraph at lines 295--297
$[] $ \OT1/cmr/m/n/12 (Tur-ing shows al-ge-braic prod-ucts like $([])([])([])([
]) = ([])([])([]) [] $
 []



[9]

[10]

[11]

[12]
Overfull \hbox (13.49194pt too wide) detected at line 491
\OT1/cmr/m/n/12 (\OML/cmm/m/it/12 BDGHFE\OT1/cmr/m/n/12 ) (\OML/cmm/m/it/12 BGF
\OT1/cmr/m/n/12 )(\OML/cmm/m/it/12 DHE\OT1/cmr/m/n/12 ) \OMS/cmsy/m/n/12 ^^A \O
T1/cmr/m/n/12 (\OML/cmm/m/it/12 CHG\OT1/cmr/m/n/12 )(\OML/cmm/m/it/12 EAF\OT1/c
mr/m/n/12 ) = ( \OML/cmm/m/it/12 ABGCE\OT1/cmr/m/n/12 )(\OML/cmm/m/it/12 DHF\OT
1/cmr/m/n/12 ) []
 []



[13]
Overfull \hbox (51.6098pt too wide) in paragraph at lines 550--552
\OT1/cmr/m/n/12 There are none which leave $\OML/cmm/m/it/12 A; C$ \OT1/cmr/m/n
/12 fixed and com-mute with $\OML/cmm/m/it/12 R[]$ \OT1/cmr/m/n/12 ex-cept $(\O
ML/cmm/m/it/12 BDFH\OT1/cmr/m/n/12 )\OML/cmm/m/it/12 ; \OT1/cmr/m/n/12 (\OML/cm
m/m/it/12 BHFD\OT1/cmr/m/n/12 )$
 []



[14]
Overfull \hbox (0.51256pt too wide) detected at line 627
[][]
 []



[15]
Overfull \hbox (26.27678pt too wide) detected at line 642
[][]
 []



[16]

[17]

[18]
Overfull \hbox (38.83916pt too wide) detected at line 726
[]\OML/cmm/m/it/12 h[] [] g\OT1/cmr/m/n/12 (\OML/cmm/m/it/12 x\OT1/cmr/m/n/12 )
 \OML/cmm/m/it/12 g\OT1/cmr/m/n/12 (\OML/cmm/m/it/12 cx\OT1/cmr/m/n/12 )[][]  \
OMS/cmsy/m/n/12 ^^T  \OML/cmm/m/it/12 h[]  []\OT1/cmr/m/n/12 (\OML/cmm/m/it/12 
g\OT1/cmr/m/n/12 (\OML/cmm/m/it/12 x\OT1/cmr/m/n/12 ))[]  [](\OML/cmm/m/it/12 g
\OT1/cmr/m/n/12 (\OML/cmm/m/it/12 cx\OT1/cmr/m/n/12 ))[]  =  (\OML/cmm/m/it/12 
h[] []\OT1/cmr/m/n/12 (\OML/cmm/m/it/12 g\OT1/cmr/m/n/12 (\OML/cmm/m/it/12 x\OT
1/cmr/m/n/12 ))[])[]  =  \OMS/cmsy/m/n/12 k\OML/cmm/m/it/12 g\OMS/cmsy/m/n/12 k
[]\OML/cmm/m/it/12 ;
 []


Overfull \hbox (151.62794pt too wide) detected at line 734
\OMS/cmsy/m/n/12 k\OML/cmm/m/it/12 R[]g\OMS/cmsy/m/n/12 k[] \OT1/cmr/m/n/12 = \
OML/cmm/m/it/12 h[] [] f\OT1/cmr/m/n/12 (\OML/cmm/m/it/12 ab[]\OT1/cmr/m/n/12 )
 \OML/cmm/m/it/12 g\OT1/cmr/m/n/12 (\OML/cmm/m/it/12 b\OT1/cmr/m/n/12 ) \OML/cm
m/m/it/12 f\OT1/cmr/m/n/12 (\OML/cmm/m/it/12 ax[]\OT1/cmr/m/n/12 ) \OML/cmm/m/i
t/12 g\OT1/cmr/m/n/12 (\OML/cmm/m/it/12 x\OT1/cmr/m/n/12 ) = \OML/cmm/m/it/12 h
[] [] f\OT1/cmr/m/n/12 (\OML/cmm/m/it/12 c\OT1/cmr/m/n/12 ) \OML/cmm/m/it/12 f\
OT1/cmr/m/n/12 (\OML/cmm/m/it/12 cu\OT1/cmr/m/n/12 ) \OML/cmm/m/it/12 g\OT1/cmr
/m/n/12 (\OML/cmm/m/it/12 ux\OT1/cmr/m/n/12 ) \OML/cmm/m/it/12 g\OT1/cmr/m/n/12
 (\OML/cmm/m/it/12 x\OT1/cmr/m/n/12 )  \OMS/cmsy/m/n/12 ^^T  [] \OML/cmm/m/it/1
2 f\OT1/cmr/m/n/12 (\OML/cmm/m/it/12 c\OT1/cmr/m/n/12 ) \OML/cmm/m/it/12 f\OT1/
cmr/m/n/12 (\OML/cmm/m/it/12 cu\OT1/cmr/m/n/12 ) \OMS/cmsy/m/n/12 k\OML/cmm/m/i
t/12 g\OMS/cmsy/m/n/12 k[] \OT1/cmr/m/n/12 = \OMS/cmsy/m/n/12 k\OML/cmm/m/it/12
 g\OMS/cmsy/m/n/12 k[]\OML/cmm/m/it/12 ;
 []


Overfull \hbox (7.2935pt too wide) in paragraph at lines 752--754
\OT1/cmr/m/n/12 Now $\OMS/cmsy/m/n/12 k\OML/cmm/m/it/12 R[]g\OMS/cmsy/m/n/12 k\
OML/cmm/m/it/12 =\OMS/cmsy/m/n/12 k\OML/cmm/m/it/12 k\OMS/cmsy/m/n/12 k ! \OT1/
cmr/m/n/12 1$ as $\OML/cmm/m/it/12 r$ \OT1/cmr/m/n/12 tends to in-fin-ity and t
here-fore $\OMS/cmsy/m/n/12 k\OML/cmm/m/it/12 R[]g\OMS/cmsy/m/n/12 k\OML/cmm/m/
it/12 =\OMS/cmsy/m/n/12 k\OML/cmm/m/it/12 R[]g\OMS/cmsy/m/n/12 k !
 []



[19]

[20]

[21]

[22] (./article.aux)
 ***********
LaTeX2e <2024-11-01> patch level 1
L3 programming layer <2024-12-25>
 ***********
 ) 
Here is how much of TeX's memory you used:
 1731 strings out of 473207
 24430 string characters out of 5715767
 427852 words of memory out of 5000000
 25006 multiletter control sequences out of 15000+600000
 568690 words of font info for 74 fonts, out of 8000000 for 9000
 1141 hyphenation exceptions out of 8191
 56i,11n,65p,1311b,297s stack positions out of 10000i,1000n,20000p,200000b,200000s
</home/louis/texlive/2024/texmf-dist/fonts/type1/public/amsfonts/cm/cmbx12.pf
b></home/louis/texlive/2024/texmf-dist/fonts/type1/public/amsfonts/cm/cmex10.pf
b></home/louis/texlive/2024/texmf-dist/fonts/type1/public/amsfonts/cm/cmmi12.pf
b></home/louis/texlive/2024/texmf-dist/fonts/type1/public/amsfonts/cm/cmmi6.pfb
></home/louis/texlive/2024/texmf-dist/fonts/type1/public/amsfonts/cm/cmmi8.pfb>
</home/louis/texlive/2024/texmf-dist/fonts/type1/public/amsfonts/cm/cmr10.pfb><
/home/louis/texlive/2024/texmf-dist/fonts/type1/public/amsfonts/cm/cmr12.pfb></
home/louis/texlive/2024/texmf-dist/fonts/type1/public/amsfonts/cm/cmr17.pfb></h
ome/louis/texlive/2024/texmf-dist/fonts/type1/public/amsfonts/cm/cmr6.pfb></hom
e/louis/texlive/2024/texmf-dist/fonts/type1/public/amsfonts/cm/cmr8.pfb></home/
louis/texlive/2024/texmf-dist/fonts/type1/public/amsfonts/cm/cmsy10.pfb></home/
louis/texlive/2024/texmf-dist/fonts/type1/public/amsfonts/cm/cmsy6.pfb></home/l
ouis/texlive/2024/texmf-dist/fonts/type1/public/amsfonts/cm/cmsy8.pfb></home/lo
uis/texlive/2024/texmf-dist/fonts/type1/public/amsfonts/cm/cmti12.pfb></home/lo
uis/texlive/2024/texmf-dist/fonts/type1/public/cm-super/sfrm0700.pfb></home/lou
is/texlive/2024/texmf-dist/fonts/type1/public/cm-super/sfrm1000.pfb></home/loui
s/texlive/2024/texmf-dist/fonts/type1/public/cm-super/sfrm1200.pfb>
Output written on article.pdf (22 pages, 251188 bytes).
PDF statistics:
 162 PDF objects out of 1000 (max. 8388607)
 102 compressed objects within 2 object streams
 0 named destinations out of 1000 (max. 500000)
 1 words of extra memory for PDF output out of 10000 (max. 10000000)

